2016-08-10 09:45:54.531 DEBUG 5645 --- [           main] .b.l.ClasspathLoggingApplicationListener : Application started with classpath: [jar:file:/home/jumpnett/sandbox/spring-boot-dojo/spring-boot-dojo/target/spring-boot-dojo-0.0.1-SNAPSHOT.jar!/, jar:file:/home/jumpnett/sandbox/spring-boot-dojo/spring-boot-dojo/target/spring-boot-dojo-0.0.1-SNAPSHOT.jar!/BOOT-INF/classes!/, jar:file:/home/jumpnett/sandbox/spring-boot-dojo/spring-boot-dojo/target/spring-boot-dojo-0.0.1-SNAPSHOT.jar!/BOOT-INF/lib/jackson-core-2.8.1.jar!/, jar:file:/home/jumpnett/sandbox/spring-boot-dojo/spring-boot-dojo/target/spring-boot-dojo-0.0.1-SNAPSHOT.jar!/BOOT-INF/lib/spring-web-4.3.2.RELEASE.jar!/, jar:file:/home/jumpnett/sandbox/spring-boot-dojo/spring-boot-dojo/target/spring-boot-dojo-0.0.1-SNAPSHOT.jar!/BOOT-INF/lib/jul-to-slf4j-1.7.21.jar!/, jar:file:/home/jumpnett/sandbox/spring-boot-dojo/spring-boot-dojo/target/spring-boot-dojo-0.0.1-SNAPSHOT.jar!/BOOT-INF/lib/hibernate-validator-5.2.4.Final.jar!/, jar:file:/home/jumpnett/sandbox/spring-boot-dojo/spring-boot-dojo/target/spring-boot-dojo-0.0.1-SNAPSHOT.jar!/BOOT-INF/lib/classmate-1.3.1.jar!/, jar:file:/home/jumpnett/sandbox/spring-boot-dojo/spring-boot-dojo/target/spring-boot-dojo-0.0.1-SNAPSHOT.jar!/BOOT-INF/lib/tomcat-embed-el-8.5.4.jar!/, jar:file:/home/jumpnett/sandbox/spring-boot-dojo/spring-boot-dojo/target/spring-boot-dojo-0.0.1-SNAPSHOT.jar!/BOOT-INF/lib/tomcat-embed-core-8.5.4.jar!/, jar:file:/home/jumpnett/sandbox/spring-boot-dojo/spring-boot-dojo/target/spring-boot-dojo-0.0.1-SNAPSHOT.jar!/BOOT-INF/lib/spring-context-4.3.2.RELEASE.jar!/, jar:file:/home/jumpnett/sandbox/spring-boot-dojo/spring-boot-dojo/target/spring-boot-dojo-0.0.1-SNAPSHOT.jar!/BOOT-INF/lib/spring-boot-starter-tomcat-1.4.0.RELEASE.jar!/, jar:file:/home/jumpnett/sandbox/spring-boot-dojo/spring-boot-dojo/target/spring-boot-dojo-0.0.1-SNAPSHOT.jar!/BOOT-INF/lib/spring-boot-autoconfigure-1.4.0.RELEASE.jar!/, jar:file:/home/jumpnett/sandbox/spring-boot-dojo/spring-boot-dojo/target/spring-boot-dojo-0.0.1-SNAPSHOT.jar!/BOOT-INF/lib/snakeyaml-1.17.jar!/, jar:file:/home/jumpnett/sandbox/spring-boot-dojo/spring-boot-dojo/target/spring-boot-dojo-0.0.1-SNAPSHOT.jar!/BOOT-INF/lib/spring-boot-starter-web-1.4.0.RELEASE.jar!/, jar:file:/home/jumpnett/sandbox/spring-boot-dojo/spring-boot-dojo/target/spring-boot-dojo-0.0.1-SNAPSHOT.jar!/BOOT-INF/lib/spring-boot-starter-logging-1.4.0.RELEASE.jar!/, jar:file:/home/jumpnett/sandbox/spring-boot-dojo/spring-boot-dojo/target/spring-boot-dojo-0.0.1-SNAPSHOT.jar!/BOOT-INF/lib/spring-webmvc-4.3.2.RELEASE.jar!/, jar:file:/home/jumpnett/sandbox/spring-boot-dojo/spring-boot-dojo/target/spring-boot-dojo-0.0.1-SNAPSHOT.jar!/BOOT-INF/lib/spring-beans-4.3.2.RELEASE.jar!/, jar:file:/home/jumpnett/sandbox/spring-boot-dojo/spring-boot-dojo/target/spring-boot-dojo-0.0.1-SNAPSHOT.jar!/BOOT-INF/lib/slf4j-api-1.7.21.jar!/, jar:file:/home/jumpnett/sandbox/spring-boot-dojo/spring-boot-dojo/target/spring-boot-dojo-0.0.1-SNAPSHOT.jar!/BOOT-INF/lib/jackson-annotations-2.8.1.jar!/, jar:file:/home/jumpnett/sandbox/spring-boot-dojo/spring-boot-dojo/target/spring-boot-dojo-0.0.1-SNAPSHOT.jar!/BOOT-INF/lib/spring-boot-starter-1.4.0.RELEASE.jar!/, jar:file:/home/jumpnett/sandbox/spring-boot-dojo/spring-boot-dojo/target/spring-boot-dojo-0.0.1-SNAPSHOT.jar!/BOOT-INF/lib/tomcat-embed-websocket-8.5.4.jar!/, jar:file:/home/jumpnett/sandbox/spring-boot-dojo/spring-boot-dojo/target/spring-boot-dojo-0.0.1-SNAPSHOT.jar!/BOOT-INF/lib/logback-classic-1.1.7.jar!/, jar:file:/home/jumpnett/sandbox/spring-boot-dojo/spring-boot-dojo/target/spring-boot-dojo-0.0.1-SNAPSHOT.jar!/BOOT-INF/lib/spring-boot-1.4.0.RELEASE.jar!/, jar:file:/home/jumpnett/sandbox/spring-boot-dojo/spring-boot-dojo/target/spring-boot-dojo-0.0.1-SNAPSHOT.jar!/BOOT-INF/lib/spring-expression-4.3.2.RELEASE.jar!/, jar:file:/home/jumpnett/sandbox/spring-boot-dojo/spring-boot-dojo/target/spring-boot-dojo-0.0.1-SNAPSHOT.jar!/BOOT-INF/lib/logback-core-1.1.7.jar!/, jar:file:/home/jumpnett/sandbox/spring-boot-dojo/spring-boot-dojo/target/spring-boot-dojo-0.0.1-SNAPSHOT.jar!/BOOT-INF/lib/spring-core-4.3.2.RELEASE.jar!/, jar:file:/home/jumpnett/sandbox/spring-boot-dojo/spring-boot-dojo/target/spring-boot-dojo-0.0.1-SNAPSHOT.jar!/BOOT-INF/lib/validation-api-1.1.0.Final.jar!/, jar:file:/home/jumpnett/sandbox/spring-boot-dojo/spring-boot-dojo/target/spring-boot-dojo-0.0.1-SNAPSHOT.jar!/BOOT-INF/lib/jackson-databind-2.8.1.jar!/, jar:file:/home/jumpnett/sandbox/spring-boot-dojo/spring-boot-dojo/target/spring-boot-dojo-0.0.1-SNAPSHOT.jar!/BOOT-INF/lib/jcl-over-slf4j-1.7.21.jar!/, jar:file:/home/jumpnett/sandbox/spring-boot-dojo/spring-boot-dojo/target/spring-boot-dojo-0.0.1-SNAPSHOT.jar!/BOOT-INF/lib/log4j-over-slf4j-1.7.21.jar!/, jar:file:/home/jumpnett/sandbox/spring-boot-dojo/spring-boot-dojo/target/spring-boot-dojo-0.0.1-SNAPSHOT.jar!/BOOT-INF/lib/spring-aop-4.3.2.RELEASE.jar!/, jar:file:/home/jumpnett/sandbox/spring-boot-dojo/spring-boot-dojo/target/spring-boot-dojo-0.0.1-SNAPSHOT.jar!/BOOT-INF/lib/jboss-logging-3.3.0.Final.jar!/]

  .   ____          _            __ _ _
 /\\ / ___'_ __ _ _(_)_ __  __ _ \ \ \ \
( ( )\___ | '_ | '_| | '_ \/ _` | \ \ \ \
 \\/  ___)| |_)| | | | | || (_| |  ) ) ) )
  '  |____| .__|_| |_|_| |_\__, | / / / /
 =========|_|==============|___/=/_/_/_/
 :: Spring Boot ::        (v1.4.0.RELEASE)

2016-08-10 09:45:54.620  INFO 5645 --- [           main] c.cnwr.justin.SpringBootDojoApplication  : Starting SpringBootDojoApplication v0.0.1-SNAPSHOT on jumpnett-ThinkPad-T460s with PID 5645 (/home/jumpnett/sandbox/spring-boot-dojo/spring-boot-dojo/target/spring-boot-dojo-0.0.1-SNAPSHOT.jar started by jumpnett in /home/jumpnett/sandbox/spring-boot-dojo/spring-boot-dojo)
2016-08-10 09:45:54.620  INFO 5645 --- [           main] c.cnwr.justin.SpringBootDojoApplication  : No active profile set, falling back to default profiles: default
2016-08-10 09:45:54.621 DEBUG 5645 --- [           main] o.s.boot.SpringApplication               : Loading source class com.cnwr.justin.SpringBootDojoApplication
2016-08-10 09:45:54.708 DEBUG 5645 --- [           main] o.s.b.c.c.ConfigFileApplicationListener  : Skipped (empty) config file 'jar:file:/home/jumpnett/sandbox/spring-boot-dojo/spring-boot-dojo/target/spring-boot-dojo-0.0.1-SNAPSHOT.jar!/BOOT-INF/classes!/application.properties' (classpath:/application.properties)
2016-08-10 09:45:54.712 DEBUG 5645 --- [           main] o.s.b.c.c.ConfigFileApplicationListener  : Skipped (empty) config file 'jar:file:/home/jumpnett/sandbox/spring-boot-dojo/spring-boot-dojo/target/spring-boot-dojo-0.0.1-SNAPSHOT.jar!/BOOT-INF/classes!/application.properties' (classpath:/application.properties) for profile default
2016-08-10 09:45:54.716  INFO 5645 --- [           main] ationConfigEmbeddedWebApplicationContext : Refreshing org.springframework.boot.context.embedded.AnnotationConfigEmbeddedWebApplicationContext@108c4c35: startup date [Wed Aug 10 09:45:54 EDT 2016]; root of context hierarchy
2016-08-10 09:45:54.722 DEBUG 5645 --- [           main] ationConfigEmbeddedWebApplicationContext : Bean factory for org.springframework.boot.context.embedded.AnnotationConfigEmbeddedWebApplicationContext@108c4c35: org.springframework.beans.factory.support.DefaultListableBeanFactory@f2a0b8e: defining beans [org.springframework.context.annotation.internalConfigurationAnnotationProcessor,org.springframework.context.annotation.internalAutowiredAnnotationProcessor,org.springframework.context.annotation.internalRequiredAnnotationProcessor,org.springframework.context.annotation.internalCommonAnnotationProcessor,org.springframework.context.event.internalEventListenerProcessor,org.springframework.context.event.internalEventListenerFactory,springBootDojoApplication]; root of factory hierarchy
2016-08-10 09:45:55.609 DEBUG 5645 --- [           main] ationConfigEmbeddedWebApplicationContext : Unable to locate MessageSource with name 'messageSource': using default [org.springframework.context.support.DelegatingMessageSource@29ee9faa]
2016-08-10 09:45:55.609 DEBUG 5645 --- [           main] ationConfigEmbeddedWebApplicationContext : Unable to locate ApplicationEventMulticaster with name 'applicationEventMulticaster': using default [org.springframework.context.event.SimpleApplicationEventMulticaster@c038203]
2016-08-10 09:45:55.900 DEBUG 5645 --- [           main] .t.TomcatEmbeddedServletContainerFactory : Code archive: /home/jumpnett/sandbox/spring-boot-dojo/spring-boot-dojo/target/spring-boot-dojo-0.0.1-SNAPSHOT.jar
2016-08-10 09:45:55.900 DEBUG 5645 --- [           main] .t.TomcatEmbeddedServletContainerFactory : Code archive: /home/jumpnett/sandbox/spring-boot-dojo/spring-boot-dojo/target/spring-boot-dojo-0.0.1-SNAPSHOT.jar
2016-08-10 09:45:55.901 DEBUG 5645 --- [           main] .t.TomcatEmbeddedServletContainerFactory : None of the document roots [src/main/webapp, public, static] point to a directory and will be ignored.
2016-08-10 09:45:55.937  INFO 5645 --- [           main] s.b.c.e.t.TomcatEmbeddedServletContainer : Tomcat initialized with port(s): 8080 (http)
2016-08-10 09:45:55.948  INFO 5645 --- [           main] o.apache.catalina.core.StandardService   : Starting service Tomcat
2016-08-10 09:45:55.950  INFO 5645 --- [           main] org.apache.catalina.core.StandardEngine  : Starting Servlet Engine: Apache Tomcat/8.5.4
2016-08-10 09:45:56.037  INFO 5645 --- [ost-startStop-1] o.a.c.c.C.[Tomcat].[localhost].[/]       : Initializing Spring embedded WebApplicationContext
2016-08-10 09:45:56.038  INFO 5645 --- [ost-startStop-1] o.s.web.context.ContextLoader            : Root WebApplicationContext: initialization completed in 1324 ms
2016-08-10 09:45:56.130 DEBUG 5645 --- [ost-startStop-1] o.s.b.w.s.ServletContextInitializerBeans : Added existing Servlet initializer bean 'dispatcherServletRegistration'; order=2147483647, resource=class path resource [org/springframework/boot/autoconfigure/web/DispatcherServletAutoConfiguration$DispatcherServletRegistrationConfiguration.class]
2016-08-10 09:45:56.179 DEBUG 5645 --- [ost-startStop-1] o.s.b.w.s.ServletContextInitializerBeans : Created Filter initializer for bean 'characterEncodingFilter'; order=-2147483648, resource=class path resource [org/springframework/boot/autoconfigure/web/HttpEncodingAutoConfiguration.class]
2016-08-10 09:45:56.179 DEBUG 5645 --- [ost-startStop-1] o.s.b.w.s.ServletContextInitializerBeans : Created Filter initializer for bean 'hiddenHttpMethodFilter'; order=-10000, resource=class path resource [org/springframework/boot/autoconfigure/web/WebMvcAutoConfiguration.class]
2016-08-10 09:45:56.179 DEBUG 5645 --- [ost-startStop-1] o.s.b.w.s.ServletContextInitializerBeans : Created Filter initializer for bean 'httpPutFormContentFilter'; order=-9900, resource=class path resource [org/springframework/boot/autoconfigure/web/WebMvcAutoConfiguration.class]
2016-08-10 09:45:56.179 DEBUG 5645 --- [ost-startStop-1] o.s.b.w.s.ServletContextInitializerBeans : Created Filter initializer for bean 'requestContextFilter'; order=-105, resource=class path resource [org/springframework/boot/autoconfigure/web/WebMvcAutoConfiguration$WebMvcAutoConfigurationAdapter.class]
2016-08-10 09:45:56.183  INFO 5645 --- [ost-startStop-1] o.s.b.w.servlet.ServletRegistrationBean  : Mapping servlet: 'dispatcherServlet' to [/]
2016-08-10 09:45:56.187  INFO 5645 --- [ost-startStop-1] o.s.b.w.servlet.FilterRegistrationBean   : Mapping filter: 'characterEncodingFilter' to: [/*]
2016-08-10 09:45:56.188  INFO 5645 --- [ost-startStop-1] o.s.b.w.servlet.FilterRegistrationBean   : Mapping filter: 'hiddenHttpMethodFilter' to: [/*]
2016-08-10 09:45:56.188  INFO 5645 --- [ost-startStop-1] o.s.b.w.servlet.FilterRegistrationBean   : Mapping filter: 'httpPutFormContentFilter' to: [/*]
2016-08-10 09:45:56.188  INFO 5645 --- [ost-startStop-1] o.s.b.w.servlet.FilterRegistrationBean   : Mapping filter: 'requestContextFilter' to: [/*]
2016-08-10 09:45:56.217 DEBUG 5645 --- [ost-startStop-1] o.s.b.w.f.OrderedRequestContextFilter    : Initializing filter 'requestContextFilter'
2016-08-10 09:45:56.218 DEBUG 5645 --- [ost-startStop-1] o.s.b.w.f.OrderedRequestContextFilter    : Filter 'requestContextFilter' configured successfully
2016-08-10 09:45:56.218 DEBUG 5645 --- [ost-startStop-1] .s.b.w.f.OrderedHttpPutFormContentFilter : Initializing filter 'httpPutFormContentFilter'
2016-08-10 09:45:56.218 DEBUG 5645 --- [ost-startStop-1] .s.b.w.f.OrderedHttpPutFormContentFilter : Filter 'httpPutFormContentFilter' configured successfully
2016-08-10 09:45:56.219 DEBUG 5645 --- [ost-startStop-1] o.s.b.w.f.OrderedHiddenHttpMethodFilter  : Initializing filter 'hiddenHttpMethodFilter'
2016-08-10 09:45:56.219 DEBUG 5645 --- [ost-startStop-1] o.s.b.w.f.OrderedHiddenHttpMethodFilter  : Filter 'hiddenHttpMethodFilter' configured successfully
2016-08-10 09:45:56.219 DEBUG 5645 --- [ost-startStop-1] o.s.b.w.f.OrderedCharacterEncodingFilter : Initializing filter 'characterEncodingFilter'
2016-08-10 09:45:56.219 DEBUG 5645 --- [ost-startStop-1] o.s.b.w.f.OrderedCharacterEncodingFilter : Filter 'characterEncodingFilter' configured successfully
2016-08-10 09:45:56.461  INFO 5645 --- [           main] s.w.s.m.m.a.RequestMappingHandlerAdapter : Looking for @ControllerAdvice: org.springframework.boot.context.embedded.AnnotationConfigEmbeddedWebApplicationContext@108c4c35: startup date [Wed Aug 10 09:45:54 EDT 2016]; root of context hierarchy
2016-08-10 09:45:56.543  INFO 5645 --- [           main] s.w.s.m.m.a.RequestMappingHandlerMapping : Mapped "{[/greeting]}" onto public com.cnwr.justin.Greeting com.cnwr.justin.Controller.greeting(java.lang.String)
2016-08-10 09:45:56.545  INFO 5645 --- [           main] s.w.s.m.m.a.RequestMappingHandlerMapping : Mapped "{[/error],produces=[text/html]}" onto public org.springframework.web.servlet.ModelAndView org.springframework.boot.autoconfigure.web.BasicErrorController.errorHtml(javax.servlet.http.HttpServletRequest,javax.servlet.http.HttpServletResponse)
2016-08-10 09:45:56.546  INFO 5645 --- [           main] s.w.s.m.m.a.RequestMappingHandlerMapping : Mapped "{[/error]}" onto public org.springframework.http.ResponseEntity<java.util.Map<java.lang.String, java.lang.Object>> org.springframework.boot.autoconfigure.web.BasicErrorController.error(javax.servlet.http.HttpServletRequest)
2016-08-10 09:45:56.571  INFO 5645 --- [           main] o.s.w.s.handler.SimpleUrlHandlerMapping  : Mapped URL path [/webjars/**] onto handler of type [class org.springframework.web.servlet.resource.ResourceHttpRequestHandler]
2016-08-10 09:45:56.571  INFO 5645 --- [           main] o.s.w.s.handler.SimpleUrlHandlerMapping  : Mapped URL path [/**] onto handler of type [class org.springframework.web.servlet.resource.ResourceHttpRequestHandler]
2016-08-10 09:45:56.602  INFO 5645 --- [           main] o.s.w.s.handler.SimpleUrlHandlerMapping  : Mapped URL path [/**/favicon.ico] onto handler of type [class org.springframework.web.servlet.resource.ResourceHttpRequestHandler]
2016-08-10 09:45:56.727  INFO 5645 --- [           main] o.s.j.e.a.AnnotationMBeanExporter        : Registering beans for JMX exposure on startup
2016-08-10 09:45:56.731 DEBUG 5645 --- [           main] ationConfigEmbeddedWebApplicationContext : Unable to locate LifecycleProcessor with name 'lifecycleProcessor': using default [org.springframework.context.support.DefaultLifecycleProcessor@130f889]
2016-08-10 09:45:56.742 DEBUG 5645 --- [           main] utoConfigurationReportLoggingInitializer : 


=========================
AUTO-CONFIGURATION REPORT
=========================


Positive matches:
-----------------

   DispatcherServletAutoConfiguration matched
      - @ConditionalOnClass classes found: org.springframework.web.servlet.DispatcherServlet (OnClassCondition)
      - found web application StandardServletEnvironment (OnWebApplicationCondition)

   DispatcherServletAutoConfiguration.DispatcherServletConfiguration matched
      - @ConditionalOnClass classes found: javax.servlet.ServletRegistration (OnClassCondition)
      - no DispatcherServlet found (DispatcherServletAutoConfiguration.DefaultDispatcherServletCondition)

   DispatcherServletAutoConfiguration.DispatcherServletRegistrationConfiguration matched
      - @ConditionalOnClass classes found: javax.servlet.ServletRegistration (OnClassCondition)
      - no ServletRegistrationBean found (DispatcherServletAutoConfiguration.DispatcherServletRegistrationCondition)

   DispatcherServletAutoConfiguration.DispatcherServletRegistrationConfiguration#dispatcherServletRegistration matched
      - @ConditionalOnBean (names: dispatcherServlet; types: org.springframework.web.servlet.DispatcherServlet; SearchStrategy: all) found the following [dispatcherServlet, dispatcherServlet] (OnBeanCondition)

   EmbeddedServletContainerAutoConfiguration matched
      - found web application StandardServletEnvironment (OnWebApplicationCondition)

   EmbeddedServletContainerAutoConfiguration.EmbeddedTomcat matched
      - @ConditionalOnClass classes found: javax.servlet.Servlet,org.apache.catalina.startup.Tomcat (OnClassCondition)
      - @ConditionalOnMissingBean (types: org.springframework.boot.context.embedded.EmbeddedServletContainerFactory; SearchStrategy: current) found no beans (OnBeanCondition)

   ErrorMvcAutoConfiguration matched
      - @ConditionalOnClass classes found: javax.servlet.Servlet,org.springframework.web.servlet.DispatcherServlet (OnClassCondition)
      - found web application StandardServletEnvironment (OnWebApplicationCondition)

   ErrorMvcAutoConfiguration#basicErrorController matched
      - @ConditionalOnMissingBean (types: org.springframework.boot.autoconfigure.web.ErrorController; SearchStrategy: current) found no beans (OnBeanCondition)

   ErrorMvcAutoConfiguration#conventionErrorViewResolver matched
      - @ConditionalOnBean (types: org.springframework.web.servlet.DispatcherServlet; SearchStrategy: all) found the following [dispatcherServlet] @ConditionalOnMissingBean (types: org.springframework.boot.autoconfigure.web.DefaultErrorViewResolver; SearchStrategy: all) found no beans (OnBeanCondition)

   ErrorMvcAutoConfiguration#errorAttributes matched
      - @ConditionalOnMissingBean (types: org.springframework.boot.autoconfigure.web.ErrorAttributes; SearchStrategy: current) found no beans (OnBeanCondition)

   ErrorMvcAutoConfiguration.WhitelabelErrorViewConfiguration matched
      - No error template view detected (ErrorMvcAutoConfiguration.ErrorTemplateMissingCondition)
      - matched (OnPropertyCondition)

   ErrorMvcAutoConfiguration.WhitelabelErrorViewConfiguration#beanNameViewResolver matched
      - @ConditionalOnMissingBean (types: org.springframework.web.servlet.view.BeanNameViewResolver; SearchStrategy: all) found no beans (OnBeanCondition)

   ErrorMvcAutoConfiguration.WhitelabelErrorViewConfiguration#defaultErrorView matched
      - @ConditionalOnMissingBean (names: error; SearchStrategy: all) found no beans (OnBeanCondition)

   GenericCacheConfiguration matched
      - Automatic cache type (CacheCondition)

   HttpEncodingAutoConfiguration matched
      - @ConditionalOnClass classes found: org.springframework.web.filter.CharacterEncodingFilter (OnClassCondition)
      - found web application StandardServletEnvironment (OnWebApplicationCondition)
      - matched (OnPropertyCondition)

   HttpEncodingAutoConfiguration#characterEncodingFilter matched
      - @ConditionalOnMissingBean (types: org.springframework.web.filter.CharacterEncodingFilter; SearchStrategy: all) found no beans (OnBeanCondition)

   HttpMessageConvertersAutoConfiguration matched
      - @ConditionalOnClass classes found: org.springframework.http.converter.HttpMessageConverter (OnClassCondition)

   HttpMessageConvertersAutoConfiguration#messageConverters matched
      - @ConditionalOnMissingBean (types: org.springframework.boot.autoconfigure.web.HttpMessageConverters; SearchStrategy: all) found no beans (OnBeanCondition)

   HttpMessageConvertersAutoConfiguration.StringHttpMessageConverterConfiguration matched
      - @ConditionalOnClass classes found: org.springframework.http.converter.StringHttpMessageConverter (OnClassCondition)

   HttpMessageConvertersAutoConfiguration.StringHttpMessageConverterConfiguration#stringHttpMessageConverter matched
      - @ConditionalOnMissingBean (types: org.springframework.http.converter.StringHttpMessageConverter; SearchStrategy: all) found no beans (OnBeanCondition)

   JacksonAutoConfiguration matched
      - @ConditionalOnClass classes found: com.fasterxml.jackson.databind.ObjectMapper (OnClassCondition)

   JacksonAutoConfiguration.Jackson2ObjectMapperBuilderCustomizerConfiguration matched
      - @ConditionalOnClass classes found: com.fasterxml.jackson.databind.ObjectMapper,org.springframework.http.converter.json.Jackson2ObjectMapperBuilder (OnClassCondition)

   JacksonAutoConfiguration.JacksonObjectMapperBuilderConfiguration matched
      - @ConditionalOnClass classes found: com.fasterxml.jackson.databind.ObjectMapper,org.springframework.http.converter.json.Jackson2ObjectMapperBuilder (OnClassCondition)

   JacksonAutoConfiguration.JacksonObjectMapperBuilderConfiguration#jacksonObjectMapperBuilder matched
      - @ConditionalOnMissingBean (types: org.springframework.http.converter.json.Jackson2ObjectMapperBuilder; SearchStrategy: all) found no beans (OnBeanCondition)

   JacksonAutoConfiguration.JacksonObjectMapperConfiguration matched
      - @ConditionalOnClass classes found: com.fasterxml.jackson.databind.ObjectMapper,org.springframework.http.converter.json.Jackson2ObjectMapperBuilder (OnClassCondition)

   JacksonAutoConfiguration.JacksonObjectMapperConfiguration#jacksonObjectMapper matched
      - @ConditionalOnMissingBean (types: com.fasterxml.jackson.databind.ObjectMapper; SearchStrategy: all) found no beans (OnBeanCondition)

   JacksonHttpMessageConvertersConfiguration.MappingJackson2HttpMessageConverterConfiguration matched
      - @ConditionalOnClass classes found: com.fasterxml.jackson.databind.ObjectMapper (OnClassCondition)
      - matched (OnPropertyCondition)
      - @ConditionalOnBean (types: com.fasterxml.jackson.databind.ObjectMapper; SearchStrategy: all) found the following [jacksonObjectMapper] (OnBeanCondition)

   JacksonHttpMessageConvertersConfiguration.MappingJackson2HttpMessageConverterConfiguration#mappingJackson2HttpMessageConverter matched
      - @ConditionalOnMissingBean (types: org.springframework.http.converter.json.MappingJackson2HttpMessageConverter; SearchStrategy: all) found no beans (OnBeanCondition)

   JmxAutoConfiguration matched
      - @ConditionalOnClass classes found: org.springframework.jmx.export.MBeanExporter (OnClassCondition)
      - matched (OnPropertyCondition)

   JmxAutoConfiguration#mbeanExporter matched
      - @ConditionalOnMissingBean (types: org.springframework.jmx.export.MBeanExporter; SearchStrategy: current) found no beans (OnBeanCondition)

   JmxAutoConfiguration#mbeanServer matched
      - @ConditionalOnMissingBean (types: javax.management.MBeanServer; SearchStrategy: all) found no beans (OnBeanCondition)

   JmxAutoConfiguration#objectNamingStrategy matched
      - @ConditionalOnMissingBean (types: org.springframework.jmx.export.naming.ObjectNamingStrategy; SearchStrategy: current) found no beans (OnBeanCondition)

   MultipartAutoConfiguration matched
      - @ConditionalOnClass classes found: javax.servlet.Servlet,org.springframework.web.multipart.support.StandardServletMultipartResolver,javax.servlet.MultipartConfigElement (OnClassCondition)
      - matched (OnPropertyCondition)

   MultipartAutoConfiguration#multipartConfigElement matched
      - @ConditionalOnMissingBean (types: javax.servlet.MultipartConfigElement; SearchStrategy: all) found no beans (OnBeanCondition)

   MultipartAutoConfiguration#multipartResolver matched
      - @ConditionalOnMissingBean (types: org.springframework.web.multipart.MultipartResolver; SearchStrategy: all) found no beans (OnBeanCondition)

   NoOpCacheConfiguration matched
      - Automatic cache type (CacheCondition)

   PropertyPlaceholderAutoConfiguration#propertySourcesPlaceholderConfigurer matched
      - @ConditionalOnMissingBean (types: org.springframework.context.support.PropertySourcesPlaceholderConfigurer; SearchStrategy: current) found no beans (OnBeanCondition)

   RedisCacheConfiguration matched
      - Automatic cache type (CacheCondition)

   ServerPropertiesAutoConfiguration matched
      - found web application StandardServletEnvironment (OnWebApplicationCondition)

   ServerPropertiesAutoConfiguration#serverProperties matched
      - @ConditionalOnMissingBean (types: org.springframework.boot.autoconfigure.web.ServerProperties; SearchStrategy: current) found no beans (OnBeanCondition)

   SimpleCacheConfiguration matched
      - Automatic cache type (CacheCondition)

   WebClientAutoConfiguration.RestTemplateConfiguration matched
      - @ConditionalOnClass classes found: org.springframework.web.client.RestTemplate (OnClassCondition)

   WebClientAutoConfiguration.RestTemplateConfiguration#restTemplateBuilder matched
      - @ConditionalOnMissingBean (types: org.springframework.boot.web.client.RestTemplateBuilder; SearchStrategy: all) found no beans (OnBeanCondition)

   WebMvcAutoConfiguration matched
      - @ConditionalOnClass classes found: javax.servlet.Servlet,org.springframework.web.servlet.DispatcherServlet,org.springframework.web.servlet.config.annotation.WebMvcConfigurerAdapter (OnClassCondition)
      - found web application StandardServletEnvironment (OnWebApplicationCondition)
      - @ConditionalOnMissingBean (types: org.springframework.web.servlet.config.annotation.WebMvcConfigurationSupport; SearchStrategy: all) found no beans (OnBeanCondition)

   WebMvcAutoConfiguration#hiddenHttpMethodFilter matched
      - @ConditionalOnMissingBean (types: org.springframework.web.filter.HiddenHttpMethodFilter; SearchStrategy: all) found no beans (OnBeanCondition)

   WebMvcAutoConfiguration#httpPutFormContentFilter matched
      - @ConditionalOnMissingBean (types: org.springframework.web.filter.HttpPutFormContentFilter; SearchStrategy: all) found no beans (OnBeanCondition)

   WebMvcAutoConfiguration.WebMvcAutoConfigurationAdapter#defaultViewResolver matched
      - @ConditionalOnMissingBean (types: org.springframework.web.servlet.view.InternalResourceViewResolver; SearchStrategy: all) found no beans (OnBeanCondition)

   WebMvcAutoConfiguration.WebMvcAutoConfigurationAdapter#requestContextFilter matched
      - @ConditionalOnMissingBean (types: org.springframework.web.context.request.RequestContextListener,org.springframework.web.filter.RequestContextFilter; SearchStrategy: all) found no beans (OnBeanCondition)

   WebMvcAutoConfiguration.WebMvcAutoConfigurationAdapter#viewResolver matched
      - @ConditionalOnBean (types: org.springframework.web.servlet.ViewResolver; SearchStrategy: all) found the following [defaultViewResolver, beanNameViewResolver, mvcViewResolver] @ConditionalOnMissingBean (names: viewResolver; types: org.springframework.web.servlet.view.ContentNegotiatingViewResolver; SearchStrategy: all) found no beans (OnBeanCondition)

   WebMvcAutoConfiguration.WebMvcAutoConfigurationAdapter.FaviconConfiguration matched
      - matched (OnPropertyCondition)

   WebSocketAutoConfiguration matched
      - @ConditionalOnClass classes found: javax.servlet.Servlet,javax.websocket.server.ServerContainer (OnClassCondition)
      - found web application StandardServletEnvironment (OnWebApplicationCondition)

   WebSocketAutoConfiguration.TomcatWebSocketConfiguration matched
      - @ConditionalOnClass classes found: org.apache.catalina.startup.Tomcat,org.apache.tomcat.websocket.server.WsSci (OnClassCondition)

   WebSocketAutoConfiguration.TomcatWebSocketConfiguration#websocketContainerCustomizer matched
      - Required JVM version 1.7 or newer found 1.8 (OnJavaCondition)
      - @ConditionalOnMissingBean (names: websocketContainerCustomizer; SearchStrategy: all) found no beans (OnBeanCondition)


Negative matches:
-----------------

   ActiveMQAutoConfiguration did not match
      - required @ConditionalOnClass classes not found: javax.jms.ConnectionFactory,org.apache.activemq.ActiveMQConnectionFactory (OnClassCondition)

   AopAutoConfiguration did not match
      - required @ConditionalOnClass classes not found: org.aspectj.lang.annotation.Aspect,org.aspectj.lang.reflect.Advice (OnClassCondition)

   ArtemisAutoConfiguration did not match
      - required @ConditionalOnClass classes not found: javax.jms.ConnectionFactory,org.apache.activemq.artemis.jms.client.ActiveMQConnectionFactory (OnClassCondition)

   BatchAutoConfiguration did not match
      - required @ConditionalOnClass classes not found: org.springframework.batch.core.launch.JobLauncher,org.springframework.jdbc.core.JdbcOperations (OnClassCondition)

   CacheAutoConfiguration did not match
      - @ConditionalOnClass classes found: org.springframework.cache.CacheManager (OnClassCondition)
      - @ConditionalOnBean (types: org.springframework.cache.interceptor.CacheAspectSupport; SearchStrategy: all) found no beans (OnBeanCondition)

   CacheAutoConfiguration.CacheManagerJpaDependencyConfiguration did not match
      - required @ConditionalOnClass classes not found: org.springframework.orm.jpa.LocalContainerEntityManagerFactoryBean (OnClassCondition)
      - Ancestor 'org.springframework.boot.autoconfigure.cache.CacheAutoConfiguration' did not match (ConditionEvaluationReport.AncestorsMatchedCondition)

   CaffeineCacheConfiguration did not match
      - required @ConditionalOnClass classes not found: com.github.benmanes.caffeine.cache.Caffeine,org.springframework.cache.caffeine.CaffeineCacheManager (OnClassCondition)

   CassandraAutoConfiguration did not match
      - required @ConditionalOnClass classes not found: com.datastax.driver.core.Cluster (OnClassCondition)

   CassandraDataAutoConfiguration did not match
      - required @ConditionalOnClass classes not found: com.datastax.driver.core.Cluster,org.springframework.data.cassandra.core.CassandraAdminOperations (OnClassCondition)

   CassandraRepositoriesAutoConfiguration did not match
      - required @ConditionalOnClass classes not found: com.datastax.driver.core.Session,org.springframework.data.cassandra.repository.CassandraRepository (OnClassCondition)

   CloudAutoConfiguration did not match
      - required @ConditionalOnClass classes not found: org.springframework.cloud.config.java.CloudScanConfiguration (OnClassCondition)

   CouchbaseAutoConfiguration did not match
      - required @ConditionalOnClass classes not found: com.couchbase.client.java.CouchbaseBucket,com.couchbase.client.java.Cluster (OnClassCondition)

   CouchbaseCacheConfiguration did not match
      - required @ConditionalOnClass classes not found: com.couchbase.client.java.Bucket,com.couchbase.client.spring.cache.CouchbaseCacheManager (OnClassCondition)

   CouchbaseDataAutoConfiguration did not match
      - required @ConditionalOnClass classes not found: com.couchbase.client.java.Bucket,org.springframework.data.couchbase.repository.CouchbaseRepository (OnClassCondition)

   CouchbaseRepositoriesAutoConfiguration did not match
      - required @ConditionalOnClass classes not found: com.couchbase.client.java.Bucket,org.springframework.data.couchbase.repository.CouchbaseRepository (OnClassCondition)

   DataSourceAutoConfiguration did not match
      - required @ConditionalOnClass classes not found: org.springframework.jdbc.datasource.embedded.EmbeddedDatabaseType (OnClassCondition)

   DataSourceTransactionManagerAutoConfiguration did not match
      - required @ConditionalOnClass classes not found: org.springframework.jdbc.core.JdbcTemplate,org.springframework.transaction.PlatformTransactionManager (OnClassCondition)

   DeviceDelegatingViewResolverAutoConfiguration did not match
      - required @ConditionalOnClass classes not found: org.springframework.mobile.device.view.LiteDeviceDelegatingViewResolver (OnClassCondition)

   DeviceResolverAutoConfiguration did not match
      - required @ConditionalOnClass classes not found: org.springframework.mobile.device.DeviceResolverHandlerInterceptor,org.springframework.mobile.device.DeviceHandlerMethodArgumentResolver (OnClassCondition)

   DispatcherServletAutoConfiguration.DispatcherServletConfiguration#multipartResolver did not match
      - @ConditionalOnBean (types: org.springframework.web.multipart.MultipartResolver; SearchStrategy: all) found no beans (OnBeanCondition)

   EhCacheCacheConfiguration did not match
      - required @ConditionalOnClass classes not found: net.sf.ehcache.Cache,org.springframework.cache.ehcache.EhCacheCacheManager (OnClassCondition)

   ElasticsearchAutoConfiguration did not match
      - required @ConditionalOnClass classes not found: org.elasticsearch.client.Client,org.springframework.data.elasticsearch.client.TransportClientFactoryBean,org.springframework.data.elasticsearch.client.NodeClientFactoryBean (OnClassCondition)

   ElasticsearchDataAutoConfiguration did not match
      - required @ConditionalOnClass classes not found: org.elasticsearch.client.Client,org.springframework.data.elasticsearch.core.ElasticsearchTemplate (OnClassCondition)

   ElasticsearchRepositoriesAutoConfiguration did not match
      - required @ConditionalOnClass classes not found: org.elasticsearch.client.Client,org.springframework.data.elasticsearch.repository.ElasticsearchRepository (OnClassCondition)

   EmbeddedMongoAutoConfiguration did not match
      - required @ConditionalOnClass classes not found: com.mongodb.Mongo,de.flapdoodle.embed.mongo.MongodStarter (OnClassCondition)

   EmbeddedServletContainerAutoConfiguration.EmbeddedJetty did not match
      - required @ConditionalOnClass classes not found: org.eclipse.jetty.server.Server,org.eclipse.jetty.util.Loader,org.eclipse.jetty.webapp.WebAppContext (OnClassCondition)

   EmbeddedServletContainerAutoConfiguration.EmbeddedUndertow did not match
      - required @ConditionalOnClass classes not found: io.undertow.Undertow,org.xnio.SslClientAuthMode (OnClassCondition)

   FacebookAutoConfiguration did not match
      - required @ConditionalOnClass classes not found: org.springframework.social.config.annotation.SocialConfigurerAdapter,org.springframework.social.facebook.connect.FacebookConnectionFactory (OnClassCondition)

   FallbackWebSecurityAutoConfiguration did not match
      - required @ConditionalOnClass classes not found: org.springframework.security.config.annotation.web.configuration.EnableWebSecurity (OnClassCondition)

   FlywayAutoConfiguration did not match
      - required @ConditionalOnClass classes not found: org.flywaydb.core.Flyway (OnClassCondition)

   FreeMarkerAutoConfiguration did not match
      - required @ConditionalOnClass classes not found: freemarker.template.Configuration,org.springframework.ui.freemarker.FreeMarkerConfigurationFactory (OnClassCondition)

   GroovyTemplateAutoConfiguration did not match
      - required @ConditionalOnClass classes not found: groovy.text.markup.MarkupTemplateEngine (OnClassCondition)

   GsonAutoConfiguration did not match
      - required @ConditionalOnClass classes not found: com.google.gson.Gson (OnClassCondition)

   GsonHttpMessageConvertersConfiguration did not match
      - required @ConditionalOnClass classes not found: com.google.gson.Gson (OnClassCondition)

   GuavaCacheConfiguration did not match
      - required @ConditionalOnClass classes not found: com.google.common.cache.CacheBuilder,org.springframework.cache.guava.GuavaCacheManager (OnClassCondition)

   H2ConsoleAutoConfiguration did not match
      - required @ConditionalOnClass classes not found: org.h2.server.web.WebServlet (OnClassCondition)

   HazelcastAutoConfiguration did not match
      - required @ConditionalOnClass classes not found: com.hazelcast.core.HazelcastInstance (OnClassCondition)

   HazelcastCacheConfiguration did not match
      - required @ConditionalOnClass classes not found: com.hazelcast.core.HazelcastInstance,com.hazelcast.spring.cache.HazelcastCacheManager (OnClassCondition)

   HazelcastJpaDependencyAutoConfiguration did not match
      - required @ConditionalOnClass classes not found: com.hazelcast.core.HazelcastInstance,org.springframework.orm.jpa.LocalContainerEntityManagerFactoryBean (OnClassCondition)

   HibernateJpaAutoConfiguration did not match
      - required @ConditionalOnClass classes not found: org.springframework.orm.jpa.LocalContainerEntityManagerFactoryBean,org.springframework.transaction.annotation.EnableTransactionManagement,javax.persistence.EntityManager (OnClassCondition)

   HornetQAutoConfiguration did not match
      - required @ConditionalOnClass classes not found: javax.jms.ConnectionFactory,org.hornetq.api.jms.HornetQJMSClient (OnClassCondition)

   HypermediaAutoConfiguration did not match
      - required @ConditionalOnClass classes not found: org.springframework.hateoas.Resource,org.springframework.plugin.core.Plugin (OnClassCondition)

   InfinispanCacheConfiguration did not match
      - required @ConditionalOnClass classes not found: org.infinispan.spring.provider.SpringEmbeddedCacheManager (OnClassCondition)

   IntegrationAutoConfiguration did not match
      - required @ConditionalOnClass classes not found: org.springframework.integration.config.EnableIntegration (OnClassCondition)

   JCacheCacheConfiguration did not match
      - required @ConditionalOnClass classes not found: javax.cache.Caching,org.springframework.cache.jcache.JCacheCacheManager (OnClassCondition)

   JacksonAutoConfiguration.JodaDateTimeJacksonConfiguration did not match
      - required @ConditionalOnClass classes not found: org.joda.time.DateTime,com.fasterxml.jackson.datatype.joda.ser.DateTimeSerializer,com.fasterxml.jackson.datatype.joda.cfg.JacksonJodaDateFormat (OnClassCondition)

   JacksonAutoConfiguration.ParameterNamesModuleConfiguration did not match
      - required @ConditionalOnClass classes not found: com.fasterxml.jackson.module.paramnames.ParameterNamesModule (OnClassCondition)

   JacksonHttpMessageConvertersConfiguration.MappingJackson2XmlHttpMessageConverterConfiguration did not match
      - required @ConditionalOnClass classes not found: com.fasterxml.jackson.dataformat.xml.XmlMapper (OnClassCondition)

   JdbcTemplateAutoConfiguration did not match
      - @ConditionalOnClass classes found: javax.sql.DataSource (OnClassCondition)
      - @ConditionalOnSingleCandidate (types: javax.sql.DataSource; SearchStrategy: all) found no beans (OnBeanCondition)

   JerseyAutoConfiguration did not match
      - required @ConditionalOnClass classes not found: org.glassfish.jersey.server.spring.SpringComponentProvider (OnClassCondition)

   JestAutoConfiguration did not match
      - required @ConditionalOnClass classes not found: io.searchbox.client.JestClient (OnClassCondition)

   JmsAutoConfiguration did not match
      - required @ConditionalOnClass classes not found: org.springframework.jms.core.JmsTemplate (OnClassCondition)

   JndiConnectionFactoryAutoConfiguration did not match
      - required @ConditionalOnClass classes not found: org.springframework.jms.core.JmsTemplate (OnClassCondition)

   JndiDataSourceAutoConfiguration did not match
      - required @ConditionalOnClass classes not found: org.springframework.jdbc.datasource.embedded.EmbeddedDatabaseType (OnClassCondition)

   JooqAutoConfiguration did not match
      - required @ConditionalOnClass classes not found: org.jooq.DSLContext (OnClassCondition)

   JpaRepositoriesAutoConfiguration did not match
      - required @ConditionalOnClass classes not found: org.springframework.data.jpa.repository.JpaRepository (OnClassCondition)

   JtaAutoConfiguration did not match
      - required @ConditionalOnClass classes not found: javax.transaction.Transaction (OnClassCondition)

   LinkedInAutoConfiguration did not match
      - required @ConditionalOnClass classes not found: org.springframework.social.config.annotation.SocialConfigurerAdapter,org.springframework.social.linkedin.connect.LinkedInConnectionFactory (OnClassCondition)

   LiquibaseAutoConfiguration did not match
      - required @ConditionalOnClass classes not found: liquibase.integration.spring.SpringLiquibase (OnClassCondition)

   MailSenderAutoConfiguration did not match
      - required @ConditionalOnClass classes not found: javax.mail.internet.MimeMessage (OnClassCondition)

   MailSenderValidatorAutoConfiguration did not match
      - @ConditionalOnProperty missing required properties spring.mail.test-connection (OnPropertyCondition)

   MessageSourceAutoConfiguration did not match
      - No bundle found for spring.messages.basename: messages (MessageSourceAutoConfiguration.ResourceBundleCondition)

   MongoAutoConfiguration did not match
      - required @ConditionalOnClass classes not found: com.mongodb.MongoClient (OnClassCondition)

   MongoDataAutoConfiguration did not match
      - required @ConditionalOnClass classes not found: com.mongodb.Mongo,org.springframework.data.mongodb.core.MongoTemplate (OnClassCondition)

   MongoRepositoriesAutoConfiguration did not match
      - required @ConditionalOnClass classes not found: com.mongodb.Mongo,org.springframework.data.mongodb.repository.MongoRepository (OnClassCondition)

   MustacheAutoConfiguration did not match
      - required @ConditionalOnClass classes not found: com.samskivert.mustache.Mustache (OnClassCondition)

   Neo4jDataAutoConfiguration did not match
      - required @ConditionalOnClass classes not found: org.neo4j.ogm.session.Neo4jSession,org.springframework.data.neo4j.template.Neo4jOperations (OnClassCondition)

   Neo4jRepositoriesAutoConfiguration did not match
      - required @ConditionalOnClass classes not found: org.neo4j.ogm.session.Neo4jSession,org.springframework.data.neo4j.repository.GraphRepository (OnClassCondition)

   OAuth2AutoConfiguration did not match
      - required @ConditionalOnClass classes not found: org.springframework.security.oauth2.common.OAuth2AccessToken (OnClassCondition)

   PersistenceExceptionTranslationAutoConfiguration did not match
      - required @ConditionalOnClass classes not found: org.springframework.dao.annotation.PersistenceExceptionTranslationPostProcessor (OnClassCondition)

   ProjectInfoAutoConfiguration#buildProperties did not match
      - resource not found: ${spring.info.build.location:classpath:META-INF/build-info.properties} (OnResourceCondition)

   ProjectInfoAutoConfiguration#gitProperties did not match
      - Git info not found at classpath:git.properties (ProjectInfoAutoConfiguration.GitResourceAvailableCondition)

   RabbitAutoConfiguration did not match
      - required @ConditionalOnClass classes not found: org.springframework.amqp.rabbit.core.RabbitTemplate,com.rabbitmq.client.Channel (OnClassCondition)

   ReactorAutoConfiguration did not match
      - required @ConditionalOnClass classes not found: reactor.spring.context.config.EnableReactor,reactor.Environment (OnClassCondition)

   RedisAutoConfiguration did not match
      - required @ConditionalOnClass classes not found: org.springframework.data.redis.connection.jedis.JedisConnection,org.springframework.data.redis.core.RedisOperations,redis.clients.jedis.Jedis (OnClassCondition)

   RedisRepositoriesAutoConfiguration did not match
      - required @ConditionalOnClass classes not found: redis.clients.jedis.Jedis,org.springframework.data.redis.repository.configuration.EnableRedisRepositories (OnClassCondition)

   RepositoryRestMvcAutoConfiguration did not match
      - required @ConditionalOnClass classes not found: org.springframework.data.rest.webmvc.config.RepositoryRestMvcConfiguration (OnClassCondition)

   SecurityAutoConfiguration did not match
      - required @ConditionalOnClass classes not found: org.springframework.security.authentication.AuthenticationManager,org.springframework.security.config.annotation.authentication.configurers.GlobalAuthenticationConfigurerAdapter (OnClassCondition)

   SecurityFilterAutoConfiguration did not match
      - required @ConditionalOnClass classes not found: org.springframework.security.web.context.AbstractSecurityWebApplicationInitializer,org.springframework.security.config.http.SessionCreationPolicy (OnClassCondition)

   SendGridAutoConfiguration did not match
      - required @ConditionalOnClass classes not found: com.sendgrid.SendGrid (OnClassCondition)

   SessionAutoConfiguration did not match
      - required @ConditionalOnClass classes not found: org.springframework.session.Session (OnClassCondition)

   SitePreferenceAutoConfiguration did not match
      - required @ConditionalOnClass classes not found: org.springframework.mobile.device.site.SitePreferenceHandlerInterceptor,org.springframework.mobile.device.site.SitePreferenceHandlerMethodArgumentResolver (OnClassCondition)

   SocialWebAutoConfiguration did not match
      - required @ConditionalOnClass classes not found: org.springframework.social.connect.web.ConnectController,org.springframework.social.config.annotation.SocialConfigurerAdapter (OnClassCondition)

   SolrAutoConfiguration did not match
      - required @ConditionalOnClass classes not found: org.apache.solr.client.solrj.impl.HttpSolrClient,org.apache.solr.client.solrj.impl.CloudSolrClient (OnClassCondition)

   SolrRepositoriesAutoConfiguration did not match
      - required @ConditionalOnClass classes not found: org.apache.solr.client.solrj.SolrClient,org.springframework.data.solr.repository.SolrRepository (OnClassCondition)

   SpringApplicationAdminJmxAutoConfiguration did not match
      - @ConditionalOnProperty missing required properties spring.application.admin.enabled (OnPropertyCondition)

   SpringDataWebAutoConfiguration did not match
      - required @ConditionalOnClass classes not found: org.springframework.data.web.PageableHandlerMethodArgumentResolver (OnClassCondition)

   ThymeleafAutoConfiguration did not match
      - required @ConditionalOnClass classes not found: org.thymeleaf.spring4.SpringTemplateEngine (OnClassCondition)

   TransactionAutoConfiguration did not match
      - required @ConditionalOnClass classes not found: org.springframework.transaction.support.TransactionTemplate,org.springframework.transaction.PlatformTransactionManager (OnClassCondition)

   TwitterAutoConfiguration did not match
      - required @ConditionalOnClass classes not found: org.springframework.social.config.annotation.SocialConfigurerAdapter,org.springframework.social.twitter.connect.TwitterConnectionFactory (OnClassCondition)

   VelocityAutoConfiguration did not match
      - required @ConditionalOnClass classes not found: org.apache.velocity.app.VelocityEngine,org.springframework.ui.velocity.VelocityEngineFactory (OnClassCondition)

   WebMvcAutoConfiguration.ResourceChainCustomizerConfiguration did not match
      - Webjars locator (org.webjars.WebJarAssetLocator) is absent (OnEnabledResourceChainCondition)

   WebMvcAutoConfiguration.WebMvcAutoConfigurationAdapter#beanNameViewResolver did not match
      - @ConditionalOnMissingBean (types: org.springframework.web.servlet.view.BeanNameViewResolver; SearchStrategy: all) found the following [beanNameViewResolver] (OnBeanCondition)

   WebMvcAutoConfiguration.WebMvcAutoConfigurationAdapter#dateFormatter did not match
      - @ConditionalOnProperty missing required properties spring.mvc.date-format (OnPropertyCondition)

   WebMvcAutoConfiguration.WebMvcAutoConfigurationAdapter#localeResolver did not match
      - @ConditionalOnMissingBean (types: org.springframework.web.servlet.LocaleResolver; SearchStrategy: all) found no beans (OnBeanCondition)
      - @ConditionalOnProperty missing required properties spring.mvc.locale (OnPropertyCondition)

   WebServicesAutoConfiguration did not match
      - required @ConditionalOnClass classes not found: org.springframework.ws.transport.http.MessageDispatcherServlet (OnClassCondition)

   WebSocketAutoConfiguration.JettyWebSocketConfiguration did not match
      - required @ConditionalOnClass classes not found: org.eclipse.jetty.websocket.jsr356.server.deploy.WebSocketServerContainerInitializer (OnClassCondition)

   WebSocketAutoConfiguration.UndertowWebSocketConfiguration did not match
      - required @ConditionalOnClass classes not found: io.undertow.websockets.jsr.Bootstrap (OnClassCondition)

   WebSocketMessagingAutoConfiguration did not match
      - required @ConditionalOnClass classes not found: org.springframework.web.socket.config.annotation.WebSocketMessageBrokerConfigurer (OnClassCondition)

   XADataSourceAutoConfiguration did not match
      - required @ConditionalOnClass classes not found: javax.transaction.TransactionManager,org.springframework.jdbc.datasource.embedded.EmbeddedDatabaseType (OnClassCondition)


Exclusions:
-----------

    None


Unconditional classes:
----------------------

    org.springframework.boot.autoconfigure.PropertyPlaceholderAutoConfiguration

    org.springframework.boot.autoconfigure.web.WebClientAutoConfiguration

    org.springframework.boot.autoconfigure.context.ConfigurationPropertiesAutoConfiguration

    org.springframework.boot.autoconfigure.info.ProjectInfoAutoConfiguration



2016-08-10 09:45:56.783  INFO 5645 --- [           main] s.b.c.e.t.TomcatEmbeddedServletContainer : Tomcat started on port(s): 8080 (http)
2016-08-10 09:45:56.787  INFO 5645 --- [           main] c.cnwr.justin.SpringBootDojoApplication  : Started SpringBootDojoApplication in 2.635 seconds (JVM running for 2.985)
2016-08-10 09:46:18.094  INFO 5645 --- [nio-8080-exec-1] o.a.c.c.C.[Tomcat].[localhost].[/]       : Initializing Spring FrameworkServlet 'dispatcherServlet'
2016-08-10 09:46:18.094  INFO 5645 --- [nio-8080-exec-1] o.s.web.servlet.DispatcherServlet        : FrameworkServlet 'dispatcherServlet': initialization started
2016-08-10 09:46:18.104  INFO 5645 --- [nio-8080-exec-1] o.s.web.servlet.DispatcherServlet        : FrameworkServlet 'dispatcherServlet': initialization completed in 10 ms
2016-08-10 09:46:18.118 DEBUG 5645 --- [nio-8080-exec-1] o.s.b.w.f.OrderedRequestContextFilter    : Bound request context to thread: org.apache.catalina.connector.RequestFacade@62634a
2016-08-10 09:46:18.127 DEBUG 5645 --- [nio-8080-exec-1] o.s.b.w.f.OrderedRequestContextFilter    : Cleared thread-bound request context: org.apache.catalina.connector.RequestFacade@62634a
2016-08-10 09:46:21.597 DEBUG 5645 --- [nio-8080-exec-2] o.s.b.w.f.OrderedRequestContextFilter    : Bound request context to thread: org.apache.catalina.connector.RequestFacade@62634a
2016-08-10 09:46:21.644 DEBUG 5645 --- [nio-8080-exec-2] o.s.b.w.f.OrderedRequestContextFilter    : Cleared thread-bound request context: org.apache.catalina.connector.RequestFacade@62634a
2016-08-10 09:46:35.494 DEBUG 5645 --- [nio-8080-exec-3] o.s.b.w.f.OrderedRequestContextFilter    : Bound request context to thread: org.apache.catalina.connector.RequestFacade@62634a
2016-08-10 09:46:35.497 DEBUG 5645 --- [nio-8080-exec-3] o.s.b.w.f.OrderedRequestContextFilter    : Cleared thread-bound request context: org.apache.catalina.connector.RequestFacade@62634a
2016-08-10 09:46:43.118 DEBUG 5645 --- [nio-8080-exec-4] o.s.b.w.f.OrderedRequestContextFilter    : Bound request context to thread: org.apache.catalina.connector.RequestFacade@62634a
2016-08-10 09:46:43.121 DEBUG 5645 --- [nio-8080-exec-4] o.s.b.w.f.OrderedRequestContextFilter    : Cleared thread-bound request context: org.apache.catalina.connector.RequestFacade@62634a
